c:\users\ua\source\repos\100_daytcc\100_daytcc\x64\debug\vc143.pdb
c:\users\ua\source\repos\100_daytcc\100_daytcc\x64\debug\vc143.idb
c:\users\ua\source\repos\100_daytcc\100_daytcc\x64\debug\stew.obj
c:\users\ua\source\repos\100_daytcc\100_daytcc\x64\debug\shopsmap.obj
c:\users\ua\source\repos\100_daytcc\100_daytcc\x64\debug\shop.obj
c:\users\ua\source\repos\100_daytcc\100_daytcc\x64\debug\player.obj
c:\users\ua\source\repos\100_daytcc\100_daytcc\x64\debug\pepperspray.obj
c:\users\ua\source\repos\100_daytcc\100_daytcc\x64\debug\map.obj
c:\users\ua\source\repos\100_daytcc\100_daytcc\x64\debug\location.obj
c:\users\ua\source\repos\100_daytcc\100_daytcc\x64\debug\item.obj
c:\users\ua\source\repos\100_daytcc\100_daytcc\x64\debug\homeitem.obj
c:\users\ua\source\repos\100_daytcc\100_daytcc\x64\debug\gasstationsmap.obj
c:\users\ua\source\repos\100_daytcc\100_daytcc\x64\debug\gasstation.obj
c:\users\ua\source\repos\100_daytcc\100_daytcc\x64\debug\foodwarehousesmap.obj
c:\users\ua\source\repos\100_daytcc\100_daytcc\x64\debug\foodwarehouse.obj
c:\users\ua\source\repos\100_daytcc\100_daytcc\x64\debug\food.obj
c:\users\ua\source\repos\100_daytcc\100_daytcc\x64\debug\expeditionitem.obj
c:\users\ua\source\repos\100_daytcc\100_daytcc\x64\debug\essence.obj
c:\users\ua\source\repos\100_daytcc\100_daytcc\x64\debug\enemyfactory.obj
c:\users\ua\source\repos\100_daytcc\100_daytcc\x64\debug\enemy.obj
c:\users\ua\source\repos\100_daytcc\100_daytcc\x64\debug\electricshocker.obj
c:\users\ua\source\repos\100_daytcc\100_daytcc\x64\debug\100_daytcc.obj
c:\users\ua\source\repos\100_daytcc\100_daytcc\x64\debug\weaponfactory.obj
c:\users\ua\source\repos\100_daytcc\100_daytcc\x64\debug\weapon.obj
c:\users\ua\source\repos\100_daytcc\100_daytcc\x64\debug\water.obj
c:\users\ua\source\repos\100_daytcc\100_daytcc\x64\debug\traumaticgun.obj
c:\users\ua\source\repos\100_daytcc\100_daytcc\x64\debug\tcc.obj
c:\users\ua\source\repos\100_daytcc\100_daytcc\x64\debug\100_daytcc.res
c:\users\ua\source\repos\100_daytcc\100_daytcc\x64\debug\100_daytcc.ilk
c:\users\ua\source\repos\100_daytcc\100_daytcc\x64\debug\100_daytcc.obj.enc
c:\users\ua\source\repos\100_daytcc\x64\debug\100_daytcc.pdb
c:\users\ua\source\repos\100_daytcc\x64\debug\100_daytcc.exe
c:\users\ua\source\repos\100_daytcc\100_daytcc\x64\debug\100_daytcc.tlog\cl.command.1.tlog
c:\users\ua\source\repos\100_daytcc\100_daytcc\x64\debug\100_daytcc.tlog\cl.items.tlog
c:\users\ua\source\repos\100_daytcc\100_daytcc\x64\debug\100_daytcc.tlog\cl.read.1.tlog
c:\users\ua\source\repos\100_daytcc\100_daytcc\x64\debug\100_daytcc.tlog\cl.write.1.tlog
c:\users\ua\source\repos\100_daytcc\100_daytcc\x64\debug\100_daytcc.tlog\link.command.1.tlog
c:\users\ua\source\repos\100_daytcc\100_daytcc\x64\debug\100_daytcc.tlog\link.read.1.tlog
c:\users\ua\source\repos\100_daytcc\100_daytcc\x64\debug\100_daytcc.tlog\link.secondary.1.tlog
c:\users\ua\source\repos\100_daytcc\100_daytcc\x64\debug\100_daytcc.tlog\link.write.1.tlog
c:\users\ua\source\repos\100_daytcc\100_daytcc\x64\debug\100_daytcc.tlog\rc.command.1.tlog
c:\users\ua\source\repos\100_daytcc\100_daytcc\x64\debug\100_daytcc.tlog\rc.read.1.tlog
c:\users\ua\source\repos\100_daytcc\100_daytcc\x64\debug\100_daytcc.tlog\rc.write.1.tlog
